{"/Users/luisrondow/dev/repo-flix/src/components/ChipsButton/ChipsButton.tsx": {"path":"/Users/luisrondow/dev/repo-flix/src/components/ChipsButton/ChipsButton.tsx","statementMap":{"0":{"start":{"line":3,"column":20},"end":{"line":15,"column":1}},"1":{"start":{"line":4,"column":35},"end":{"line":4,"column":40}},"2":{"start":{"line":6,"column":2},"end":{"line":14,"column":null}},"3":{"start":{"line":17,"column":0},"end":{"line":17,"column":null}}},"fnMap":{"0":{"name":"(anonymous_0)","decl":{"start":{"line":3,"column":20},"end":{"line":3,"column":21}},"loc":{"start":{"line":3,"column":48},"end":{"line":15,"column":1}}}},"branchMap":{"0":{"loc":{"start":{"line":9,"column":8},"end":{"line":9,"column":null}},"type":"cond-expr","locations":[{"start":{"line":9,"column":21},"end":{"line":9,"column":34}},{"start":{"line":9,"column":37},"end":{"line":9,"column":null}}]}},"s":{"0":1,"1":1,"2":1,"3":1},"f":{"0":1},"b":{"0":[0,1]}}
,"/Users/luisrondow/dev/repo-flix/src/components/Header/Header.tsx": {"path":"/Users/luisrondow/dev/repo-flix/src/components/Header/Header.tsx","statementMap":{"0":{"start":{"line":1,"column":0},"end":{"line":1,"column":42}},"1":{"start":{"line":2,"column":0},"end":{"line":2,"column":26}},"2":{"start":{"line":4,"column":15},"end":{"line":35,"column":1}},"3":{"start":{"line":5,"column":23},"end":{"line":7,"column":3}},"4":{"start":{"line":6,"column":4},"end":{"line":6,"column":null}},"5":{"start":{"line":9,"column":2},"end":{"line":34,"column":null}},"6":{"start":{"line":37,"column":0},"end":{"line":37,"column":null}}},"fnMap":{"0":{"name":"(anonymous_0)","decl":{"start":{"line":4,"column":15},"end":{"line":4,"column":18}},"loc":{"start":{"line":4,"column":20},"end":{"line":35,"column":1}}},"1":{"name":"(anonymous_1)","decl":{"start":{"line":5,"column":23},"end":{"line":5,"column":26}},"loc":{"start":{"line":5,"column":28},"end":{"line":7,"column":3}}}},"branchMap":{},"s":{"0":1,"1":1,"2":1,"3":3,"4":0,"5":3,"6":1},"f":{"0":3,"1":0},"b":{}}
,"/Users/luisrondow/dev/repo-flix/src/components/Icons/ArrowIcon/ArrowIcon.tsx": {"path":"/Users/luisrondow/dev/repo-flix/src/components/Icons/ArrowIcon/ArrowIcon.tsx","statementMap":{"0":{"start":{"line":1,"column":18},"end":{"line":18,"column":1}},"1":{"start":{"line":2,"column":2},"end":{"line":17,"column":null}},"2":{"start":{"line":20,"column":0},"end":{"line":20,"column":null}}},"fnMap":{"0":{"name":"(anonymous_0)","decl":{"start":{"line":1,"column":18},"end":{"line":1,"column":19}},"loc":{"start":{"line":1,"column":69},"end":{"line":18,"column":1}}}},"branchMap":{"0":{"loc":{"start":{"line":11,"column":7},"end":{"line":14,"column":null}},"type":"cond-expr","locations":[{"start":{"line":12,"column":8},"end":{"line":12,"column":91}},{"start":{"line":14,"column":8},"end":{"line":14,"column":93}}]}},"s":{"0":1,"1":5,"2":1},"f":{"0":5},"b":{"0":[4,1]}}
,"/Users/luisrondow/dev/repo-flix/src/components/Icons/ArrowIcon/index.ts": {"path":"/Users/luisrondow/dev/repo-flix/src/components/Icons/ArrowIcon/index.ts","statementMap":{"0":{"start":{"line":1,"column":0},"end":{"line":1,"column":9}},"1":{"start":{"line":1,"column":9},"end":{"line":1,"column":37}}},"fnMap":{"0":{"name":"(anonymous_0)","decl":{"start":{"line":1,"column":9},"end":{"line":1,"column":16}},"loc":{"start":{"line":1,"column":9},"end":{"line":1,"column":37}}}},"branchMap":{},"s":{"0":1,"1":6},"f":{"0":5},"b":{}}
,"/Users/luisrondow/dev/repo-flix/src/components/Icons/StarIcon/StarIcon.tsx": {"path":"/Users/luisrondow/dev/repo-flix/src/components/Icons/StarIcon/StarIcon.tsx","statementMap":{"0":{"start":{"line":3,"column":17},"end":{"line":21,"column":1}},"1":{"start":{"line":4,"column":34},"end":{"line":4,"column":39}},"2":{"start":{"line":5,"column":2},"end":{"line":20,"column":null}},"3":{"start":{"line":23,"column":0},"end":{"line":23,"column":null}}},"fnMap":{"0":{"name":"(anonymous_0)","decl":{"start":{"line":3,"column":17},"end":{"line":3,"column":18}},"loc":{"start":{"line":3,"column":42},"end":{"line":21,"column":1}}}},"branchMap":{"0":{"loc":{"start":{"line":12,"column":33},"end":{"line":12,"column":71}},"type":"cond-expr","locations":[{"start":{"line":12,"column":44},"end":{"line":12,"column":57}},{"start":{"line":12,"column":60},"end":{"line":12,"column":71}}]}},"s":{"0":2,"1":5,"2":5,"3":2},"f":{"0":5},"b":{"0":[2,3]}}
,"/Users/luisrondow/dev/repo-flix/src/components/Icons/StarIcon/index.ts": {"path":"/Users/luisrondow/dev/repo-flix/src/components/Icons/StarIcon/index.ts","statementMap":{"0":{"start":{"line":1,"column":0},"end":{"line":1,"column":9}},"1":{"start":{"line":1,"column":9},"end":{"line":1,"column":36}}},"fnMap":{"0":{"name":"(anonymous_0)","decl":{"start":{"line":1,"column":9},"end":{"line":1,"column":16}},"loc":{"start":{"line":1,"column":9},"end":{"line":1,"column":36}}}},"branchMap":{},"s":{"0":2,"1":7},"f":{"0":5},"b":{}}
,"/Users/luisrondow/dev/repo-flix/src/components/Text/index.tsx": {"path":"/Users/luisrondow/dev/repo-flix/src/components/Text/index.tsx","statementMap":{"0":{"start":{"line":7,"column":13},"end":{"line":24,"column":1}},"1":{"start":{"line":8,"column":55},"end":{"line":8,"column":60}},"2":{"start":{"line":10,"column":20},"end":{"line":10,"column":73}},"3":{"start":{"line":12,"column":2},"end":{"line":23,"column":null}},"4":{"start":{"line":14,"column":6},"end":{"line":14,"column":null}},"5":{"start":{"line":16,"column":6},"end":{"line":16,"column":null}},"6":{"start":{"line":18,"column":6},"end":{"line":18,"column":null}},"7":{"start":{"line":20,"column":6},"end":{"line":20,"column":null}},"8":{"start":{"line":22,"column":6},"end":{"line":22,"column":null}},"9":{"start":{"line":26,"column":0},"end":{"line":26,"column":null}}},"fnMap":{"0":{"name":"(anonymous_0)","decl":{"start":{"line":7,"column":13},"end":{"line":7,"column":14}},"loc":{"start":{"line":7,"column":34},"end":{"line":24,"column":1}}}},"branchMap":{"0":{"loc":{"start":{"line":10,"column":23},"end":{"line":10,"column":44}},"type":"binary-expr","locations":[{"start":{"line":10,"column":23},"end":{"line":10,"column":38}},{"start":{"line":10,"column":42},"end":{"line":10,"column":44}}]},"1":{"loc":{"start":{"line":12,"column":2},"end":{"line":23,"column":null}},"type":"switch","locations":[{"start":{"line":13,"column":4},"end":{"line":14,"column":null}},{"start":{"line":15,"column":4},"end":{"line":16,"column":null}},{"start":{"line":17,"column":4},"end":{"line":18,"column":null}},{"start":{"line":19,"column":4},"end":{"line":20,"column":null}},{"start":{"line":21,"column":4},"end":{"line":22,"column":null}}]}},"s":{"0":2,"1":16,"2":16,"3":16,"4":7,"5":9,"6":0,"7":0,"8":0,"9":2},"f":{"0":16},"b":{"0":[16,3],"1":[7,9,0,0,0]}}
,"/Users/luisrondow/dev/repo-flix/src/containers/Home/components/RepositoriesList/RepositoriesList.tsx": {"path":"/Users/luisrondow/dev/repo-flix/src/containers/Home/components/RepositoriesList/RepositoriesList.tsx","statementMap":{"0":{"start":{"line":1,"column":0},"end":{"line":1,"column":46}},"1":{"start":{"line":3,"column":0},"end":{"line":3,"column":46}},"2":{"start":{"line":5,"column":0},"end":{"line":5,"column":62}},"3":{"start":{"line":6,"column":0},"end":{"line":6,"column":63}},"4":{"start":{"line":7,"column":0},"end":{"line":7,"column":71}},"5":{"start":{"line":9,"column":25},"end":{"line":57,"column":1}},"6":{"start":{"line":10,"column":30},"end":{"line":10,"column":35}},"7":{"start":{"line":12,"column":54},"end":{"line":12,"column":88}},"8":{"start":{"line":13,"column":56},"end":{"line":13,"column":77}},"9":{"start":{"line":15,"column":2},"end":{"line":15,"column":null}},"10":{"start":{"line":15,"column":17},"end":{"line":15,"column":null}},"11":{"start":{"line":16,"column":2},"end":{"line":18,"column":null}},"12":{"start":{"line":17,"column":4},"end":{"line":17,"column":null}},"13":{"start":{"line":20,"column":2},"end":{"line":56,"column":null}},"14":{"start":{"line":31,"column":43},"end":{"line":31,"column":53}},"15":{"start":{"line":33,"column":10},"end":{"line":40,"column":null}},"16":{"start":{"line":38,"column":39},"end":{"line":38,"column":65}},"17":{"start":{"line":44,"column":31},"end":{"line":44,"column":52}},"18":{"start":{"line":50,"column":33},"end":{"line":50,"column":53}},"19":{"start":{"line":59,"column":0},"end":{"line":59,"column":null}}},"fnMap":{"0":{"name":"(anonymous_0)","decl":{"start":{"line":9,"column":25},"end":{"line":9,"column":26}},"loc":{"start":{"line":9,"column":58},"end":{"line":57,"column":1}}},"1":{"name":"(anonymous_1)","decl":{"start":{"line":30,"column":27},"end":{"line":30,"column":28}},"loc":{"start":{"line":30,"column":42},"end":{"line":41,"column":9}}},"2":{"name":"(anonymous_2)","decl":{"start":{"line":38,"column":33},"end":{"line":38,"column":36}},"loc":{"start":{"line":38,"column":39},"end":{"line":38,"column":65}}},"3":{"name":"(anonymous_3)","decl":{"start":{"line":44,"column":25},"end":{"line":44,"column":28}},"loc":{"start":{"line":44,"column":31},"end":{"line":44,"column":52}}},"4":{"name":"(anonymous_4)","decl":{"start":{"line":50,"column":27},"end":{"line":50,"column":30}},"loc":{"start":{"line":50,"column":33},"end":{"line":50,"column":53}}}},"branchMap":{"0":{"loc":{"start":{"line":15,"column":2},"end":{"line":15,"column":null}},"type":"if","locations":[{"start":{"line":15,"column":2},"end":{"line":15,"column":null}}]},"1":{"loc":{"start":{"line":16,"column":2},"end":{"line":18,"column":null}},"type":"if","locations":[{"start":{"line":16,"column":2},"end":{"line":18,"column":null}}]},"2":{"loc":{"start":{"line":48,"column":7},"end":{"line":54,"column":14}},"type":"cond-expr","locations":[{"start":{"line":49,"column":8},"end":{"line":52,"column":null}},{"start":{"line":54,"column":10},"end":{"line":54,"column":14}}]}},"s":{"0":1,"1":1,"2":1,"3":1,"4":1,"5":1,"6":4,"7":4,"8":4,"9":4,"10":0,"11":4,"12":0,"13":4,"14":20,"15":20,"16":0,"17":1,"18":1,"19":1},"f":{"0":4,"1":20,"2":0,"3":1,"4":1},"b":{"0":[0],"1":[0],"2":[1,3]}}
,"/Users/luisrondow/dev/repo-flix/src/containers/Home/components/RepositoryCard/RepositoryCard.tsx": {"path":"/Users/luisrondow/dev/repo-flix/src/containers/Home/components/RepositoryCard/RepositoryCard.tsx","statementMap":{"0":{"start":{"line":1,"column":0},"end":{"line":1,"column":32}},"1":{"start":{"line":4,"column":0},"end":{"line":4,"column":60}},"2":{"start":{"line":6,"column":23},"end":{"line":43,"column":1}},"3":{"start":{"line":12,"column":6},"end":{"line":12,"column":11}},"4":{"start":{"line":14,"column":21},"end":{"line":14,"column":36}},"5":{"start":{"line":16,"column":52},"end":{"line":16,"column":74}},"6":{"start":{"line":17,"column":44},"end":{"line":17,"column":59}},"7":{"start":{"line":19,"column":2},"end":{"line":42,"column":null}},"8":{"start":{"line":25,"column":26},"end":{"line":25,"column":62}},"9":{"start":{"line":26,"column":26},"end":{"line":26,"column":63}},"10":{"start":{"line":33,"column":25},"end":{"line":33,"column":72}},"11":{"start":{"line":33,"column":61},"end":{"line":33,"column":71}},"12":{"start":{"line":45,"column":0},"end":{"line":45,"column":null}}},"fnMap":{"0":{"name":"(anonymous_0)","decl":{"start":{"line":6,"column":23},"end":{"line":6,"column":24}},"loc":{"start":{"line":6,"column":54},"end":{"line":43,"column":1}}},"1":{"name":"(anonymous_1)","decl":{"start":{"line":25,"column":20},"end":{"line":25,"column":23}},"loc":{"start":{"line":25,"column":26},"end":{"line":25,"column":62}}},"2":{"name":"(anonymous_2)","decl":{"start":{"line":26,"column":20},"end":{"line":26,"column":23}},"loc":{"start":{"line":26,"column":26},"end":{"line":26,"column":63}}},"3":{"name":"(anonymous_3)","decl":{"start":{"line":33,"column":19},"end":{"line":33,"column":22}},"loc":{"start":{"line":33,"column":25},"end":{"line":33,"column":72}}},"4":{"name":"(anonymous_4)","decl":{"start":{"line":33,"column":46},"end":{"line":33,"column":47}},"loc":{"start":{"line":33,"column":61},"end":{"line":33,"column":71}}}},"branchMap":{"0":{"loc":{"start":{"line":23,"column":8},"end":{"line":23,"column":null}},"type":"cond-expr","locations":[{"start":{"line":23,"column":21},"end":{"line":23,"column":33}},{"start":{"line":23,"column":36},"end":{"line":23,"column":null}}]},"1":{"loc":{"start":{"line":25,"column":26},"end":{"line":25,"column":62}},"type":"binary-expr","locations":[{"start":{"line":25,"column":26},"end":{"line":25,"column":36}},{"start":{"line":25,"column":40},"end":{"line":25,"column":62}}]},"2":{"loc":{"start":{"line":26,"column":26},"end":{"line":26,"column":63}},"type":"binary-expr","locations":[{"start":{"line":26,"column":26},"end":{"line":26,"column":36}},{"start":{"line":26,"column":40},"end":{"line":26,"column":63}}]},"3":{"loc":{"start":{"line":29,"column":7},"end":{"line":40,"column":14}},"type":"cond-expr","locations":[{"start":{"line":30,"column":8},"end":{"line":38,"column":null}},{"start":{"line":40,"column":10},"end":{"line":40,"column":14}}]},"4":{"loc":{"start":{"line":29,"column":7},"end":{"line":29,"column":35}},"type":"binary-expr","locations":[{"start":{"line":29,"column":7},"end":{"line":29,"column":20}},{"start":{"line":29,"column":24},"end":{"line":29,"column":35}}]},"5":{"loc":{"start":{"line":36,"column":26},"end":{"line":36,"column":60}},"type":"cond-expr","locations":[{"start":{"line":36,"column":39},"end":{"line":36,"column":48}},{"start":{"line":36,"column":51},"end":{"line":36,"column":60}}]}},"s":{"0":2,"1":2,"2":2,"3":30,"4":30,"5":30,"6":30,"7":30,"8":3,"9":0,"10":1,"11":1,"12":2},"f":{"0":30,"1":3,"2":0,"3":1,"4":1},"b":{"0":[29,1],"1":[3,3],"2":[0,0],"3":[5,25],"4":[30,26],"5":[4,1]}}
,"/Users/luisrondow/dev/repo-flix/src/containers/Home/components/RepositoryCard/index.tsx": {"path":"/Users/luisrondow/dev/repo-flix/src/containers/Home/components/RepositoryCard/index.tsx","statementMap":{"0":{"start":{"line":1,"column":0},"end":{"line":1,"column":9}},"1":{"start":{"line":1,"column":9},"end":{"line":1,"column":42}}},"fnMap":{"0":{"name":"(anonymous_0)","decl":{"start":{"line":1,"column":9},"end":{"line":1,"column":16}},"loc":{"start":{"line":1,"column":9},"end":{"line":1,"column":42}}}},"branchMap":{},"s":{"0":1,"1":21},"f":{"0":20},"b":{}}
,"/Users/luisrondow/dev/repo-flix/src/hooks/useHorizontalScroll/index.ts": {"path":"/Users/luisrondow/dev/repo-flix/src/hooks/useHorizontalScroll/index.ts","statementMap":{"0":{"start":{"line":1,"column":0},"end":{"line":1,"column":40}},"1":{"start":{"line":4,"column":18},"end":{"line":4,"column":46}},"2":{"start":{"line":5,"column":54},"end":{"line":5,"column":69}},"3":{"start":{"line":7,"column":23},"end":{"line":22,"column":3}},"4":{"start":{"line":8,"column":24},"end":{"line":8,"column":31}},"5":{"start":{"line":10,"column":25},"end":{"line":10,"column":59}},"6":{"start":{"line":12,"column":4},"end":{"line":21,"column":null}},"7":{"start":{"line":13,"column":6},"end":{"line":16,"column":null}},"8":{"start":{"line":18,"column":6},"end":{"line":20,"column":null}},"9":{"start":{"line":18,"column":72},"end":{"line":18,"column":null}},"10":{"start":{"line":19,"column":11},"end":{"line":20,"column":null}},"11":{"start":{"line":20,"column":8},"end":{"line":20,"column":null}},"12":{"start":{"line":24,"column":2},"end":{"line":24,"column":null}},"13":{"start":{"line":3,"column":0},"end":{"line":3,"column":24}}},"fnMap":{"0":{"name":"useHorizontalScroll","decl":{"start":{"line":3,"column":24},"end":{"line":3,"column":43}},"loc":{"start":{"line":3,"column":43},"end":{"line":25,"column":1}}},"1":{"name":"(anonymous_1)","decl":{"start":{"line":7,"column":23},"end":{"line":7,"column":24}},"loc":{"start":{"line":7,"column":55},"end":{"line":22,"column":3}}}},"branchMap":{"0":{"loc":{"start":{"line":10,"column":25},"end":{"line":10,"column":59}},"type":"cond-expr","locations":[{"start":{"line":10,"column":49},"end":{"line":10,"column":52}},{"start":{"line":10,"column":55},"end":{"line":10,"column":59}}]},"1":{"loc":{"start":{"line":12,"column":4},"end":{"line":21,"column":null}},"type":"if","locations":[{"start":{"line":12,"column":4},"end":{"line":21,"column":null}}]},"2":{"loc":{"start":{"line":18,"column":6},"end":{"line":20,"column":null}},"type":"if","locations":[{"start":{"line":18,"column":6},"end":{"line":20,"column":null}},{"start":{"line":19,"column":11},"end":{"line":20,"column":null}}]},"3":{"loc":{"start":{"line":18,"column":10},"end":{"line":18,"column":70}},"type":"binary-expr","locations":[{"start":{"line":18,"column":10},"end":{"line":18,"column":29}},{"start":{"line":18,"column":33},"end":{"line":18,"column":70}}]},"4":{"loc":{"start":{"line":19,"column":11},"end":{"line":20,"column":null}},"type":"if","locations":[{"start":{"line":19,"column":11},"end":{"line":20,"column":null}}]},"5":{"loc":{"start":{"line":19,"column":15},"end":{"line":19,"column":75}},"type":"binary-expr","locations":[{"start":{"line":19,"column":15},"end":{"line":19,"column":33}},{"start":{"line":19,"column":37},"end":{"line":19,"column":75}}]}},"s":{"0":1,"1":4,"2":4,"3":4,"4":2,"5":2,"6":2,"7":2,"8":2,"9":1,"10":1,"11":1,"12":4,"13":1},"f":{"0":4,"1":2},"b":{"0":[1,1],"1":[2],"2":[1,1],"3":[2,1],"4":[1],"5":[1,1]}}
,"/Users/luisrondow/dev/repo-flix/src/utils/renderWithRouter.ts": {"path":"/Users/luisrondow/dev/repo-flix/src/utils/renderWithRouter.ts","statementMap":{"0":{"start":{"line":1,"column":0},"end":{"line":1,"column":47}},"1":{"start":{"line":4,"column":0},"end":{"line":4,"column":48}},"2":{"start":{"line":6,"column":32},"end":{"line":12,"column":1}},"3":{"start":{"line":7,"column":2},"end":{"line":7,"column":null}},"4":{"start":{"line":9,"column":2},"end":{"line":11,"column":null}},"5":{"start":{"line":6,"column":13},"end":{"line":6,"column":32}}},"fnMap":{"0":{"name":"(anonymous_0)","decl":{"start":{"line":6,"column":32},"end":{"line":6,"column":33}},"loc":{"start":{"line":6,"column":75},"end":{"line":12,"column":1}}}},"branchMap":{"0":{"loc":{"start":{"line":6,"column":51},"end":{"line":6,"column":71}},"type":"default-arg","locations":[{"start":{"line":6,"column":69},"end":{"line":6,"column":71}}]},"1":{"loc":{"start":{"line":6,"column":53},"end":{"line":6,"column":64}},"type":"default-arg","locations":[{"start":{"line":6,"column":61},"end":{"line":6,"column":64}}]}},"s":{"0":1,"1":1,"2":1,"3":3,"4":3,"5":1},"f":{"0":3},"b":{"0":[3],"1":[3]}}
}
