TN:
SF:src/components/ChipsButton/ChipsButton.tsx
FN:3,(anonymous_0)
FNF:1
FNH:1
FNDA:1,(anonymous_0)
DA:3,1
DA:4,1
DA:6,1
DA:17,1
LF:4
LH:4
BRDA:9,0,0,0
BRDA:9,0,1,1
BRF:2
BRH:1
end_of_record
TN:
SF:src/components/Header/Header.tsx
FN:4,(anonymous_0)
FN:5,(anonymous_1)
FNF:2
FNH:1
FNDA:3,(anonymous_0)
FNDA:0,(anonymous_1)
DA:1,1
DA:2,1
DA:4,1
DA:5,3
DA:6,0
DA:9,3
DA:37,1
LF:7
LH:6
BRF:0
BRH:0
end_of_record
TN:
SF:src/components/Icons/ArrowIcon/ArrowIcon.tsx
FN:1,(anonymous_0)
FNF:1
FNH:1
FNDA:5,(anonymous_0)
DA:1,1
DA:2,5
DA:20,1
LF:3
LH:3
BRDA:11,0,0,4
BRDA:11,0,1,1
BRF:2
BRH:2
end_of_record
TN:
SF:src/components/Icons/ArrowIcon/index.ts
FN:1,(anonymous_0)
FNF:1
FNH:1
FNDA:5,(anonymous_0)
DA:1,6
LF:1
LH:1
BRF:0
BRH:0
end_of_record
TN:
SF:src/components/Icons/StarIcon/StarIcon.tsx
FN:3,(anonymous_0)
FNF:1
FNH:1
FNDA:5,(anonymous_0)
DA:3,2
DA:4,5
DA:5,5
DA:23,2
LF:4
LH:4
BRDA:12,0,0,2
BRDA:12,0,1,3
BRF:2
BRH:2
end_of_record
TN:
SF:src/components/Icons/StarIcon/index.ts
FN:1,(anonymous_0)
FNF:1
FNH:1
FNDA:5,(anonymous_0)
DA:1,7
LF:1
LH:1
BRF:0
BRH:0
end_of_record
TN:
SF:src/components/Text/index.tsx
FN:7,(anonymous_0)
FNF:1
FNH:1
FNDA:16,(anonymous_0)
DA:7,2
DA:8,16
DA:10,16
DA:12,16
DA:14,7
DA:16,9
DA:18,0
DA:20,0
DA:22,0
DA:26,2
LF:10
LH:7
BRDA:10,0,0,16
BRDA:10,0,1,3
BRDA:12,1,0,7
BRDA:12,1,1,9
BRDA:12,1,2,0
BRDA:12,1,3,0
BRDA:12,1,4,0
BRF:7
BRH:4
end_of_record
TN:
SF:src/containers/Home/components/RepositoriesList/RepositoriesList.tsx
FN:9,(anonymous_0)
FN:30,(anonymous_1)
FN:38,(anonymous_2)
FN:44,(anonymous_3)
FN:50,(anonymous_4)
FNF:5
FNH:4
FNDA:4,(anonymous_0)
FNDA:20,(anonymous_1)
FNDA:0,(anonymous_2)
FNDA:1,(anonymous_3)
FNDA:1,(anonymous_4)
DA:1,1
DA:3,1
DA:5,1
DA:6,1
DA:7,1
DA:9,1
DA:10,4
DA:12,4
DA:13,4
DA:15,4
DA:16,4
DA:17,0
DA:20,4
DA:31,20
DA:33,20
DA:38,0
DA:44,1
DA:50,1
DA:59,1
LF:19
LH:17
BRDA:15,0,0,0
BRDA:16,1,0,0
BRDA:48,2,0,1
BRDA:48,2,1,3
BRF:4
BRH:2
end_of_record
TN:
SF:src/containers/Home/components/RepositoryCard/RepositoryCard.tsx
FN:6,(anonymous_0)
FN:25,(anonymous_1)
FN:26,(anonymous_2)
FN:33,(anonymous_3)
FN:33,(anonymous_4)
FNF:5
FNH:4
FNDA:30,(anonymous_0)
FNDA:3,(anonymous_1)
FNDA:0,(anonymous_2)
FNDA:1,(anonymous_3)
FNDA:1,(anonymous_4)
DA:1,2
DA:4,2
DA:6,2
DA:12,30
DA:14,30
DA:16,30
DA:17,30
DA:19,30
DA:25,3
DA:26,0
DA:33,1
DA:45,2
LF:12
LH:11
BRDA:23,0,0,29
BRDA:23,0,1,1
BRDA:25,1,0,3
BRDA:25,1,1,3
BRDA:26,2,0,0
BRDA:26,2,1,0
BRDA:29,3,0,5
BRDA:29,3,1,25
BRDA:29,4,0,30
BRDA:29,4,1,26
BRDA:36,5,0,4
BRDA:36,5,1,1
BRF:12
BRH:10
end_of_record
TN:
SF:src/containers/Home/components/RepositoryCard/index.tsx
FN:1,(anonymous_0)
FNF:1
FNH:1
FNDA:20,(anonymous_0)
DA:1,21
LF:1
LH:1
BRF:0
BRH:0
end_of_record
TN:
SF:src/hooks/useHorizontalScroll/index.ts
FN:3,useHorizontalScroll
FN:7,(anonymous_1)
FNF:2
FNH:2
FNDA:4,useHorizontalScroll
FNDA:2,(anonymous_1)
DA:1,1
DA:3,1
DA:4,4
DA:5,4
DA:7,4
DA:8,2
DA:10,2
DA:12,2
DA:13,2
DA:18,2
DA:19,1
DA:20,1
DA:24,4
LF:13
LH:13
BRDA:10,0,0,1
BRDA:10,0,1,1
BRDA:12,1,0,2
BRDA:18,2,0,1
BRDA:18,2,1,1
BRDA:18,3,0,2
BRDA:18,3,1,1
BRDA:19,4,0,1
BRDA:19,5,0,1
BRDA:19,5,1,1
BRF:10
BRH:10
end_of_record
TN:
SF:src/utils/renderWithRouter.ts
FN:6,(anonymous_0)
FNF:1
FNH:1
FNDA:3,(anonymous_0)
DA:1,1
DA:4,1
DA:6,1
DA:7,3
DA:9,3
LF:5
LH:5
BRDA:6,0,0,3
BRDA:6,1,0,3
BRF:2
BRH:2
end_of_record
